<?xml version="1.0" encoding="UTF-8"?>
<testsuite xmlns:xsi="http://www.w3.org/2001/XMLSchema-instance" xsi:noNamespaceSchemaLocation="https://maven.apache.org/surefire/maven-surefire-plugin/xsd/surefire-test-report.xsd" name="com.parkit.parkingsystem.integration.ParkingDataBaseIT" time="4.282" tests="3" errors="0" skipped="0" failures="0">
  <properties>
    <property name="java.specification.version" value="21"/>
    <property name="sun.cpu.isalist" value="amd64"/>
    <property name="sun.jnu.encoding" value="UTF-8"/>
    <property name="java.class.path" value="C:\Users\Pochi\Documents\Fixed\target\test-classes;C:\Users\Pochi\Documents\Fixed\target\classes;C:\Users\Pochi\.m2\repository\org\apache\logging\log4j\log4j-api\2.20.0\log4j-api-2.20.0.jar;C:\Users\Pochi\.m2\repository\org\apache\logging\log4j\log4j-core\2.20.0\log4j-core-2.20.0.jar;C:\Users\Pochi\.m2\repository\mysql\mysql-connector-java\8.0.17\mysql-connector-java-8.0.17.jar;C:\Users\Pochi\.m2\repository\com\google\protobuf\protobuf-java\3.6.1\protobuf-java-3.6.1.jar;C:\Users\Pochi\.m2\repository\org\junit\jupiter\junit-jupiter-api\5.3.2\junit-jupiter-api-5.3.2.jar;C:\Users\Pochi\.m2\repository\org\apiguardian\apiguardian-api\1.0.0\apiguardian-api-1.0.0.jar;C:\Users\Pochi\.m2\repository\org\opentest4j\opentest4j\1.1.1\opentest4j-1.1.1.jar;C:\Users\Pochi\.m2\repository\org\junit\platform\junit-platform-commons\1.3.2\junit-platform-commons-1.3.2.jar;C:\Users\Pochi\.m2\repository\org\junit\jupiter\junit-jupiter-engine\5.3.2\junit-jupiter-engine-5.3.2.jar;C:\Users\Pochi\.m2\repository\org\junit\platform\junit-platform-engine\1.3.2\junit-platform-engine-1.3.2.jar;C:\Users\Pochi\.m2\repository\org\mockito\mockito-junit-jupiter\2.23.4\mockito-junit-jupiter-2.23.4.jar;C:\Users\Pochi\.m2\repository\org\mockito\mockito-core\2.23.4\mockito-core-2.23.4.jar;C:\Users\Pochi\.m2\repository\net\bytebuddy\byte-buddy\1.9.3\byte-buddy-1.9.3.jar;C:\Users\Pochi\.m2\repository\net\bytebuddy\byte-buddy-agent\1.9.3\byte-buddy-agent-1.9.3.jar;C:\Users\Pochi\.m2\repository\org\objenesis\objenesis\2.6\objenesis-2.6.jar;C:\Users\Pochi\.m2\repository\org\jacoco\jacoco-maven-plugin\0.8.9\jacoco-maven-plugin-0.8.9.jar;C:\Users\Pochi\.m2\repository\org\codehaus\plexus\plexus-utils\3.0.24\plexus-utils-3.0.24.jar;C:\Users\Pochi\.m2\repository\org\apache\maven\shared\file-management\1.2.1\file-management-1.2.1.jar;C:\Users\Pochi\.m2\repository\org\apache\maven\maven-plugin-api\2.0.6\maven-plugin-api-2.0.6.jar;C:\Users\Pochi\.m2\repository\org\apache\maven\shared\maven-shared-io\1.1\maven-shared-io-1.1.jar;C:\Users\Pochi\.m2\repository\org\apache\maven\maven-artifact\2.0.2\maven-artifact-2.0.2.jar;C:\Users\Pochi\.m2\repository\org\apache\maven\maven-artifact-manager\2.0.2\maven-artifact-manager-2.0.2.jar;C:\Users\Pochi\.m2\repository\org\apache\maven\maven-repository-metadata\2.0.2\maven-repository-metadata-2.0.2.jar;C:\Users\Pochi\.m2\repository\org\apache\maven\wagon\wagon-provider-api\1.0-alpha-6\wagon-provider-api-1.0-alpha-6.jar;C:\Users\Pochi\.m2\repository\org\codehaus\plexus\plexus-container-default\1.0-alpha-9\plexus-container-default-1.0-alpha-9.jar;C:\Users\Pochi\.m2\repository\junit\junit\3.8.1\junit-3.8.1.jar;C:\Users\Pochi\.m2\repository\classworlds\classworlds\1.1-alpha-2\classworlds-1.1-alpha-2.jar;C:\Users\Pochi\.m2\repository\org\apache\maven\reporting\maven-reporting-api\3.0\maven-reporting-api-3.0.jar;C:\Users\Pochi\.m2\repository\org\apache\maven\doxia\doxia-sink-api\1.0\doxia-sink-api-1.0.jar;C:\Users\Pochi\.m2\repository\org\jacoco\org.jacoco.agent\0.8.9\org.jacoco.agent-0.8.9-runtime.jar;C:\Users\Pochi\.m2\repository\org\jacoco\org.jacoco.core\0.8.9\org.jacoco.core-0.8.9.jar;C:\Users\Pochi\.m2\repository\org\ow2\asm\asm\9.5\asm-9.5.jar;C:\Users\Pochi\.m2\repository\org\ow2\asm\asm-commons\9.5\asm-commons-9.5.jar;C:\Users\Pochi\.m2\repository\org\ow2\asm\asm-tree\9.5\asm-tree-9.5.jar;C:\Users\Pochi\.m2\repository\org\jacoco\org.jacoco.report\0.8.9\org.jacoco.report-0.8.9.jar;C:\Users\Pochi\.m2\repository\org\apache\maven\plugins\maven-assembly-plugin\3.6.0\maven-assembly-plugin-3.6.0.jar;C:\Users\Pochi\.m2\repository\org\apache\maven\shared\maven-common-artifact-filters\3.3.2\maven-common-artifact-filters-3.3.2.jar;C:\Users\Pochi\.m2\repository\org\slf4j\slf4j-api\1.7.36\slf4j-api-1.7.36.jar;C:\Users\Pochi\.m2\repository\org\codehaus\plexus\plexus-interpolation\1.26\plexus-interpolation-1.26.jar;C:\Users\Pochi\.m2\repository\commons-io\commons-io\2.11.0\commons-io-2.11.0.jar;C:\Users\Pochi\.m2\repository\org\apache\maven\shared\maven-filtering\3.3.1\maven-filtering-3.3.1.jar;C:\Users\Pochi\.m2\repository\javax\inject\javax.inject\1\javax.inject-1.jar;C:\Users\Pochi\.m2\repository\org\sonatype\plexus\plexus-build-api\0.0.7\plexus-build-api-0.0.7.jar;C:\Users\Pochi\.m2\repository\org\codehaus\plexus\plexus-io\3.4.1\plexus-io-3.4.1.jar;C:\Users\Pochi\.m2\repository\org\codehaus\plexus\plexus-archiver\4.7.1\plexus-archiver-4.7.1.jar;C:\Users\Pochi\.m2\repository\org\apache\commons\commons-compress\1.23.0\commons-compress-1.23.0.jar;C:\Users\Pochi\.m2\repository\org\iq80\snappy\snappy\0.4\snappy-0.4.jar;C:\Users\Pochi\.m2\repository\org\tukaani\xz\1.9\xz-1.9.jar;C:\Users\Pochi\.m2\repository\com\github\luben\zstd-jni\1.5.5-2\zstd-jni-1.5.5-2.jar;C:\Users\Pochi\.m2\repository\org\apache\maven\maven-archiver\3.6.0\maven-archiver-3.6.0.jar;"/>
    <property name="java.vm.vendor" value="Oracle Corporation"/>
    <property name="sun.arch.data.model" value="64"/>
    <property name="user.variant" value=""/>
    <property name="java.vendor.url" value="https://java.oracle.com/"/>
    <property name="user.timezone" value="Europe/Paris"/>
    <property name="os.name" value="Windows 11"/>
    <property name="java.vm.specification.version" value="21"/>
    <property name="sun.java.launcher" value="SUN_STANDARD"/>
    <property name="user.country" value="FR"/>
    <property name="sun.boot.library.path" value="C:\Users\Pochi\Documents\java\env\java\bin"/>
    <property name="sun.java.command" value="C:\Users\Pochi\AppData\Local\Temp\surefire8184695939008825441\surefirebooter2754463032227121165.jar C:\Users\Pochi\AppData\Local\Temp\surefire8184695939008825441 2023-12-29T11-40-44_178-jvmRun1 surefire10152470004735780849tmp surefire_115953470759118381892tmp"/>
    <property name="jdk.debug" value="release"/>
    <property name="surefire.test.class.path" value="C:\Users\Pochi\Documents\Fixed\target\test-classes;C:\Users\Pochi\Documents\Fixed\target\classes;C:\Users\Pochi\.m2\repository\org\apache\logging\log4j\log4j-api\2.20.0\log4j-api-2.20.0.jar;C:\Users\Pochi\.m2\repository\org\apache\logging\log4j\log4j-core\2.20.0\log4j-core-2.20.0.jar;C:\Users\Pochi\.m2\repository\mysql\mysql-connector-java\8.0.17\mysql-connector-java-8.0.17.jar;C:\Users\Pochi\.m2\repository\com\google\protobuf\protobuf-java\3.6.1\protobuf-java-3.6.1.jar;C:\Users\Pochi\.m2\repository\org\junit\jupiter\junit-jupiter-api\5.3.2\junit-jupiter-api-5.3.2.jar;C:\Users\Pochi\.m2\repository\org\apiguardian\apiguardian-api\1.0.0\apiguardian-api-1.0.0.jar;C:\Users\Pochi\.m2\repository\org\opentest4j\opentest4j\1.1.1\opentest4j-1.1.1.jar;C:\Users\Pochi\.m2\repository\org\junit\platform\junit-platform-commons\1.3.2\junit-platform-commons-1.3.2.jar;C:\Users\Pochi\.m2\repository\org\junit\jupiter\junit-jupiter-engine\5.3.2\junit-jupiter-engine-5.3.2.jar;C:\Users\Pochi\.m2\repository\org\junit\platform\junit-platform-engine\1.3.2\junit-platform-engine-1.3.2.jar;C:\Users\Pochi\.m2\repository\org\mockito\mockito-junit-jupiter\2.23.4\mockito-junit-jupiter-2.23.4.jar;C:\Users\Pochi\.m2\repository\org\mockito\mockito-core\2.23.4\mockito-core-2.23.4.jar;C:\Users\Pochi\.m2\repository\net\bytebuddy\byte-buddy\1.9.3\byte-buddy-1.9.3.jar;C:\Users\Pochi\.m2\repository\net\bytebuddy\byte-buddy-agent\1.9.3\byte-buddy-agent-1.9.3.jar;C:\Users\Pochi\.m2\repository\org\objenesis\objenesis\2.6\objenesis-2.6.jar;C:\Users\Pochi\.m2\repository\org\jacoco\jacoco-maven-plugin\0.8.9\jacoco-maven-plugin-0.8.9.jar;C:\Users\Pochi\.m2\repository\org\codehaus\plexus\plexus-utils\3.0.24\plexus-utils-3.0.24.jar;C:\Users\Pochi\.m2\repository\org\apache\maven\shared\file-management\1.2.1\file-management-1.2.1.jar;C:\Users\Pochi\.m2\repository\org\apache\maven\maven-plugin-api\2.0.6\maven-plugin-api-2.0.6.jar;C:\Users\Pochi\.m2\repository\org\apache\maven\shared\maven-shared-io\1.1\maven-shared-io-1.1.jar;C:\Users\Pochi\.m2\repository\org\apache\maven\maven-artifact\2.0.2\maven-artifact-2.0.2.jar;C:\Users\Pochi\.m2\repository\org\apache\maven\maven-artifact-manager\2.0.2\maven-artifact-manager-2.0.2.jar;C:\Users\Pochi\.m2\repository\org\apache\maven\maven-repository-metadata\2.0.2\maven-repository-metadata-2.0.2.jar;C:\Users\Pochi\.m2\repository\org\apache\maven\wagon\wagon-provider-api\1.0-alpha-6\wagon-provider-api-1.0-alpha-6.jar;C:\Users\Pochi\.m2\repository\org\codehaus\plexus\plexus-container-default\1.0-alpha-9\plexus-container-default-1.0-alpha-9.jar;C:\Users\Pochi\.m2\repository\junit\junit\3.8.1\junit-3.8.1.jar;C:\Users\Pochi\.m2\repository\classworlds\classworlds\1.1-alpha-2\classworlds-1.1-alpha-2.jar;C:\Users\Pochi\.m2\repository\org\apache\maven\reporting\maven-reporting-api\3.0\maven-reporting-api-3.0.jar;C:\Users\Pochi\.m2\repository\org\apache\maven\doxia\doxia-sink-api\1.0\doxia-sink-api-1.0.jar;C:\Users\Pochi\.m2\repository\org\jacoco\org.jacoco.agent\0.8.9\org.jacoco.agent-0.8.9-runtime.jar;C:\Users\Pochi\.m2\repository\org\jacoco\org.jacoco.core\0.8.9\org.jacoco.core-0.8.9.jar;C:\Users\Pochi\.m2\repository\org\ow2\asm\asm\9.5\asm-9.5.jar;C:\Users\Pochi\.m2\repository\org\ow2\asm\asm-commons\9.5\asm-commons-9.5.jar;C:\Users\Pochi\.m2\repository\org\ow2\asm\asm-tree\9.5\asm-tree-9.5.jar;C:\Users\Pochi\.m2\repository\org\jacoco\org.jacoco.report\0.8.9\org.jacoco.report-0.8.9.jar;C:\Users\Pochi\.m2\repository\org\apache\maven\plugins\maven-assembly-plugin\3.6.0\maven-assembly-plugin-3.6.0.jar;C:\Users\Pochi\.m2\repository\org\apache\maven\shared\maven-common-artifact-filters\3.3.2\maven-common-artifact-filters-3.3.2.jar;C:\Users\Pochi\.m2\repository\org\slf4j\slf4j-api\1.7.36\slf4j-api-1.7.36.jar;C:\Users\Pochi\.m2\repository\org\codehaus\plexus\plexus-interpolation\1.26\plexus-interpolation-1.26.jar;C:\Users\Pochi\.m2\repository\commons-io\commons-io\2.11.0\commons-io-2.11.0.jar;C:\Users\Pochi\.m2\repository\org\apache\maven\shared\maven-filtering\3.3.1\maven-filtering-3.3.1.jar;C:\Users\Pochi\.m2\repository\javax\inject\javax.inject\1\javax.inject-1.jar;C:\Users\Pochi\.m2\repository\org\sonatype\plexus\plexus-build-api\0.0.7\plexus-build-api-0.0.7.jar;C:\Users\Pochi\.m2\repository\org\codehaus\plexus\plexus-io\3.4.1\plexus-io-3.4.1.jar;C:\Users\Pochi\.m2\repository\org\codehaus\plexus\plexus-archiver\4.7.1\plexus-archiver-4.7.1.jar;C:\Users\Pochi\.m2\repository\org\apache\commons\commons-compress\1.23.0\commons-compress-1.23.0.jar;C:\Users\Pochi\.m2\repository\org\iq80\snappy\snappy\0.4\snappy-0.4.jar;C:\Users\Pochi\.m2\repository\org\tukaani\xz\1.9\xz-1.9.jar;C:\Users\Pochi\.m2\repository\com\github\luben\zstd-jni\1.5.5-2\zstd-jni-1.5.5-2.jar;C:\Users\Pochi\.m2\repository\org\apache\maven\maven-archiver\3.6.0\maven-archiver-3.6.0.jar;"/>
    <property name="sun.cpu.endian" value="little"/>
    <property name="user.home" value="C:\Users\Pochi"/>
    <property name="user.language" value="fr"/>
    <property name="java.specification.vendor" value="Oracle Corporation"/>
    <property name="java.version.date" value="2023-09-19"/>
    <property name="java.home" value="C:\Users\Pochi\Documents\java\env\java"/>
    <property name="file.separator" value="\"/>
    <property name="basedir" value="C:\Users\Pochi\Documents\Fixed"/>
    <property name="java.vm.compressedOopsMode" value="32-bit"/>
    <property name="line.separator" value="&#10;"/>
    <property name="java.vm.specification.vendor" value="Oracle Corporation"/>
    <property name="java.specification.name" value="Java Platform API Specification"/>
    <property name="surefire.real.class.path" value="C:\Users\Pochi\AppData\Local\Temp\surefire8184695939008825441\surefirebooter2754463032227121165.jar"/>
    <property name="user.script" value=""/>
    <property name="sun.management.compiler" value="HotSpot 64-Bit Tiered Compilers"/>
    <property name="java.runtime.version" value="21+35-LTS-2513"/>
    <property name="user.name" value="Pochi"/>
    <property name="stdout.encoding" value="UTF-8"/>
    <property name="path.separator" value=";"/>
    <property name="os.version" value="10.0"/>
    <property name="java.runtime.name" value="Java(TM) SE Runtime Environment"/>
    <property name="file.encoding" value="UTF-8"/>
    <property name="java.vm.name" value="Java HotSpot(TM) 64-Bit Server VM"/>
    <property name="localRepository" value="C:\Users\Pochi\.m2\repository"/>
    <property name="java.vendor.url.bug" value="https://bugreport.java.com/bugreport/"/>
    <property name="java.io.tmpdir" value="C:\Users\Pochi\AppData\Local\Temp\"/>
    <property name="java.version" value="21"/>
    <property name="user.dir" value="C:\Users\Pochi\Documents\Fixed"/>
    <property name="os.arch" value="amd64"/>
    <property name="java.vm.specification.name" value="Java Virtual Machine Specification"/>
    <property name="sun.os.patch.level" value=""/>
    <property name="native.encoding" value="UTF-8"/>
    <property name="java.library.path" value="C:\Users\Pochi\Documents\java\env\java\bin;C:\windows\Sun\Java\bin;C:\windows\system32;C:\windows;C:\Program Files\Common Files\Oracle\Java\javapath;C:\windows\system32;C:\windows;C:\windows\System32\Wbem;C:\windows\System32\WindowsPowerShell\v1.0\;C:\windows\System32\OpenSSH\;C:\Program Files\Git\cmd;C:\Program Files\Docker\Docker\resources\bin;C:\Program Files\nodejs\;C:\Users\Pochi\Documents\java\env\maven\apache-maven-3.9.5\bin;C:\Program Files\MySQL\MySQL Server 8.2\bin;C:\Users\Pochi\AppData\Local\Programs\Python\Python311\Scripts\;C:\Users\Pochi\AppData\Local\Programs\Python\Python311\;C:\Users\Pochi\AppData\Local\Microsoft\WindowsApps;C:\Users\sacap\AppData\Roaming\npm;C:\Users\sacap\AppData\Local\Programs\Microsoft VS Code\bin;C:\Users\Pochi\AppData\Local\Programs\Microsoft VS Code\bin;C:\Users\Pochi\AppData\Roaming\npm;C:\Program Files\JetBrains\IntelliJ IDEA Community Edition 2023.2.2\bin;;C:\Users\Pochi\Documents\java\env\maven\apache-maven-3.9.6\bin;C:\Users\Pochi\Documents\java\env\java\bin;C:\Program Files\MySQL\MySQL Server 8.2\bin;;."/>
    <property name="java.vm.info" value="mixed mode, sharing"/>
    <property name="stderr.encoding" value="UTF-8"/>
    <property name="java.vendor" value="Oracle Corporation"/>
    <property name="java.vm.version" value="21+35-LTS-2513"/>
    <property name="sun.io.unicode.encoding" value="UnicodeLittle"/>
    <property name="java.class.version" value="65.0"/>
  </properties>
  <testcase name="testParkingLotExitRecurringUser" classname="com.parkit.parkingsystem.integration.ParkingDataBaseIT" time="2.557"/>
  <testcase name="testParkingLotExit" classname="com.parkit.parkingsystem.integration.ParkingDataBaseIT" time="0.354"/>
  <testcase name="testParkingACar" classname="com.parkit.parkingsystem.integration.ParkingDataBaseIT" time="0.229"/>
</testsuite>